"Task Aware Debugger for GDB" version 11.10.0 (202404041456)
Copyright 2016-2023 NXP
==================================
09:37:30.672 INFO: [TadModel] DSF session ID 0 has started.
09:37:49.976 INFO: [TadState] TAD state changed: DEBUG_STARTED -> DEBUG_INIT_0 (RESUMED, USER_REQUEST)
09:37:50.08 INFO: [TadState] TAD state changed: DEBUG_INIT_0 -> DEBUG_INIT_1 (SUSPENDED, SIGNAL)
09:37:51.550 INFO: [TadState] TAD state changed: DEBUG_INIT_1 -> DEBUG_SUSPENDED (RESUMED, USER_REQUEST)
09:37:51.654 INFO: [TadState] TAD state changed: DEBUG_SUSPENDED -> DEBUG_SUSPENDED (SUSPENDED, BREAKPOINT)
09:37:56.904 INFO: [TadState] TAD state changed: DEBUG_SUSPENDED -> DEBUG_RESUMED (RESUMED, STEP)
09:37:57.111 INFO: [TadState] TAD state changed: DEBUG_RESUMED -> READY (SUSPENDED, STEP)
09:38:02.79 INFO: [TadState] TAD state changed: READY -> DEBUG_RESUMED (RESUMED, STEP)
09:38:02.168 INFO: [TadState] TAD state changed: DEBUG_RESUMED -> READY (SUSPENDED, STEP)
09:38:04.523 INFO: [TadState] TAD state changed: READY -> DEBUG_RESUMED (RESUMED, STEP)
09:38:04.705 INFO: [TadState] TAD state changed: DEBUG_RESUMED -> READY (SUSPENDED, STEP)
09:38:05.633 INFO: [TadState] TAD state changed: READY -> DEBUG_RESUMED (RESUMED, STEP)
09:38:05.800 INFO: [TadState] TAD state changed: DEBUG_RESUMED -> READY (SUSPENDED, STEP)
09:38:07.135 INFO: [TadState] TAD state changed: READY -> DEBUG_RESUMED (RESUMED, STEP)
09:38:07.421 INFO: [TadState] TAD state changed: DEBUG_RESUMED -> READY (SUSPENDED, STEP)
09:38:07.738 INFO: [TadState] TAD state changed: READY -> DEBUG_RESUMED (RESUMED, STEP)
09:38:08.53 INFO: [TadState] TAD state changed: DEBUG_RESUMED -> READY (SUSPENDED, STEP)
09:38:08.636 INFO: [TadState] TAD state changed: READY -> DEBUG_RESUMED (RESUMED, STEP)
09:38:09.388 INFO: [TadState] TAD state changed: DEBUG_RESUMED -> READY (SUSPENDED, STEP)
09:38:10.557 INFO: [TadState] TAD state changed: READY -> DEBUG_RESUMED (RESUMED, STEP)
09:38:21.762 INFO: [TadState] TAD state changed: DEBUG_RESUMED -> READY (SUSPENDED, SIGNAL)
09:38:23.753 INFO: [TadModel] DSF session ID 0 has ended.
